0 info it worked if it ends with ok
1 verbose cli [ 'D:\\Program Files\\nodejs\\node.exe',
1 verbose cli   'C:\\Users\\keli\\AppData\\Roaming\\npm\\node_modules\\cnpm\\node_modules\\npm\\bin\\npm-cli.js',
1 verbose cli   '--userconfig=C:\\Users\\keli\\.cnpmrc',
1 verbose cli   '--disturl=https://npm.taobao.org/mirrors/node',
1 verbose cli   '--registry=https://registry.npm.taobao.org',
1 verbose cli   'run',
1 verbose cli   'build-release' ]
2 info using npm@3.9.0
3 info using node@v5.1.1
4 verbose run-script [ 'prebuild-release', 'build-release', 'postbuild-release' ]
5 info lifecycle project_a@1.0.0~prebuild-release: project_a@1.0.0
6 silly lifecycle project_a@1.0.0~prebuild-release: no script for prebuild-release, continuing
7 info lifecycle project_a@1.0.0~build-release: project_a@1.0.0
8 verbose lifecycle project_a@1.0.0~build-release: unsafe-perm in lifecycle true
9 verbose lifecycle project_a@1.0.0~build-release: PATH: C:\Users\keli\AppData\Roaming\npm\node_modules\cnpm\node_modules\npm\bin\node-gyp-bin;E:\myself\vue-webpack-demos\demo8\src\modal\project_a\node_modules\.bin;D:\Program Files\nodejs;C:\Program Files (x86)\Lenovo\FusionEngine;C:\Program Files (x86)\Intel\iCLS Client\;C:\Program Files\Intel\iCLS Client\;C:\WINDOWS\system32;C:\WINDOWS;C:\WINDOWS\System32\Wbem;C:\WINDOWS\System32\WindowsPowerShell\v1.0\;C:\Program Files\Intel\Intel(R) Management Engine Components\DAL;C:\Program Files\Intel\Intel(R) Management Engine Components\IPT;C:\Program Files (x86)\Intel\Intel(R) Management Engine Components\DAL;C:\Program Files (x86)\Intel\Intel(R) Management Engine Components\IPT;C:\Program Files\Lenovo\Bluetooth Software\;C:\Program Files\Lenovo\Bluetooth Software\syswow64;C:\Program Files (x86)\Common Files\lenovo\easyplussdk\bin;C:\Program Files (x86)\iFLYTEK\VoiceAssistant\SpeechPlusRuntime;C:\Program Files (x86)\Lenovo\Voice SDK;C:\Program Files (x86)\Lenovo\Lenovo Home\;D:\Program Files\nodejs\;C:\Python27;C:\Ruby22\bin;C:\Program Files (x86)\NVIDIA Corporation\PhysX\Common;D:\Program Files\MongoDB\Server\3.2\bin;D:\Program Files\OpenVPN\bin;D:\Program Files (x86)\nvm\.nvmw;C:\Ruby22\bin;C:\Users\keli\AppData\Roaming\npm;D:\Program Files (x86)\nvm\.nvmw
10 verbose lifecycle project_a@1.0.0~build-release: CWD: E:\myself\vue-webpack-demos\demo8\src\modal\project_a
11 silly lifecycle project_a@1.0.0~build-release: Args: [ '/d /s /c',
11 silly lifecycle   'node ../../../build/build --for release --pro modal/project_a' ]
12 silly lifecycle project_a@1.0.0~build-release: Returned: code: 1  signal: null
13 info lifecycle project_a@1.0.0~build-release: Failed to exec build-release script
14 verbose stack Error: project_a@1.0.0 build-release: `node ../../../build/build --for release --pro modal/project_a`
14 verbose stack Exit status 1
14 verbose stack     at EventEmitter.<anonymous> (C:\Users\keli\AppData\Roaming\npm\node_modules\cnpm\node_modules\npm\lib\utils\lifecycle.js:245:16)
14 verbose stack     at emitTwo (events.js:87:13)
14 verbose stack     at EventEmitter.emit (events.js:172:7)
14 verbose stack     at ChildProcess.<anonymous> (C:\Users\keli\AppData\Roaming\npm\node_modules\cnpm\node_modules\npm\lib\utils\spawn.js:24:14)
14 verbose stack     at emitTwo (events.js:87:13)
14 verbose stack     at ChildProcess.emit (events.js:172:7)
14 verbose stack     at maybeClose (internal/child_process.js:818:16)
14 verbose stack     at Process.ChildProcess._handle.onexit (internal/child_process.js:211:5)
15 verbose pkgid project_a@1.0.0
16 verbose cwd E:\myself\vue-webpack-demos\demo8\src\modal\project_a
17 error Windows_NT 10.0.10586
18 error argv "D:\\Program Files\\nodejs\\node.exe" "C:\\Users\\keli\\AppData\\Roaming\\npm\\node_modules\\cnpm\\node_modules\\npm\\bin\\npm-cli.js" "--userconfig=C:\\Users\\keli\\.cnpmrc" "--disturl=https://npm.taobao.org/mirrors/node" "--registry=https://registry.npm.taobao.org" "run" "build-release"
19 error node v5.1.1
20 error npm  v3.9.0
21 error code ELIFECYCLE
22 error project_a@1.0.0 build-release: `node ../../../build/build --for release --pro modal/project_a`
22 error Exit status 1
23 error Failed at the project_a@1.0.0 build-release script 'node ../../../build/build --for release --pro modal/project_a'.
23 error Make sure you have the latest version of node.js and npm installed.
23 error If you do, this is most likely a problem with the project_a package,
23 error not with npm itself.
23 error Tell the author that this fails on your system:
23 error     node ../../../build/build --for release --pro modal/project_a
23 error You can get information on how to open an issue for this project with:
23 error     npm bugs project_a
23 error Or if that isn't available, you can get their info via:
23 error     npm owner ls project_a
23 error There is likely additional logging output above.
24 verbose exit [ 1, true ]
